1627847230457	mozrunner::runner	INFO	Running command: "C:\\Program Files\\Mozilla Firefox\\firefox.exe" "-marionette" "-foreground" "-no-remote" "-profile" "C:\\Users\\diego\\AppData\\Local\\Temp\\rust_mozprofile0aSQl0"
1627847231245	Marionette	INFO	Marionette enabled
JavaScript error: resource://gre/modules/XULStore.jsm, line 66: Error: Can't find profile directory.
console.warn: SearchSettings: "get: No settings file exists, new profile?" (new NotFoundError("Could not open the file at C:\\Users\\diego\\AppData\\Local\\Temp\\rust_mozprofile0aSQl0\\search.json.mozlz4", (void 0)))
1627847234192	Marionette	INFO	Listening on port 57367
1627847234747	Marionette	WARN	TLS certificate errors will be ignored for this session

###!!! [Child][MessageChannel] Error: (msgtype=0x6A0027,name=PNecko::Msg_RemoveRequestContext) Channel closing: too late to send/recv, messages will be lost

1627847282721	Marionette	INFO	Stopped listening on port 57367
1627847313876	mozrunner::runner	INFO	Running command: "C:\\Program Files\\Mozilla Firefox\\firefox.exe" "-marionette" "-foreground" "-no-remote" "-profile" "C:\\Users\\diego\\AppData\\Local\\Temp\\rust_mozprofile2zMtmG"
1627847314632	Marionette	INFO	Marionette enabled
JavaScript error: resource://gre/modules/XULStore.jsm, line 66: Error: Can't find profile directory.
console.warn: SearchSettings: "get: No settings file exists, new profile?" (new NotFoundError("Could not open the file at C:\\Users\\diego\\AppData\\Local\\Temp\\rust_mozprofile2zMtmG\\search.json.mozlz4", (void 0)))
1627847317232	Marionette	INFO	Listening on port 57447
1627847317575	Marionette	WARN	TLS certificate errors will be ignored for this session
1627847341231	Marionette	INFO	Stopped listening on port 57447
1627847351538	mozrunner::runner	INFO	Running command: "C:\\Program Files\\Mozilla Firefox\\firefox.exe" "-marionette" "-foreground" "-no-remote" "-profile" "C:\\Users\\diego\\AppData\\Local\\Temp\\rust_mozprofilegJUWdP"
1627847353557	Marionette	INFO	Marionette enabled
JavaScript error: resource://gre/modules/XULStore.jsm, line 66: Error: Can't find profile directory.
console.warn: SearchSettings: "get: No settings file exists, new profile?" (new NotFoundError("Could not open the file at C:\\Users\\diego\\AppData\\Local\\Temp\\rust_mozprofilegJUWdP\\search.json.mozlz4", (void 0)))
1627847356822	Marionette	INFO	Listening on port 57523
1627847356886	Marionette	WARN	TLS certificate errors will be ignored for this session
[Child 4108, IPC I/O Child] WARNING: pipe error: 232: file /builds/worker/checkouts/gecko/ipc/chromium/src/chrome/common/ipc_channel_win.cc:544
1627847368927	Marionette	INFO	Stopped listening on port 57523
1627847382534	mozrunner::runner	INFO	Running command: "C:\\Program Files\\Mozilla Firefox\\firefox.exe" "-marionette" "-foreground" "-no-remote" "-profile" "C:\\Users\\diego\\AppData\\Local\\Temp\\rust_mozprofileS2Cner"
1627847383362	Marionette	INFO	Marionette enabled
JavaScript error: resource://gre/modules/XULStore.jsm, line 66: Error: Can't find profile directory.
console.warn: SearchSettings: "get: No settings file exists, new profile?" (new NotFoundError("Could not open the file at C:\\Users\\diego\\AppData\\Local\\Temp\\rust_mozprofileS2Cner\\search.json.mozlz4", (void 0)))
1627847386310	Marionette	INFO	Listening on port 57598
1627847386758	Marionette	WARN	TLS certificate errors will be ignored for this session
console.log: WebExtensions: reset-default-search: starting.
console.log: WebExtensions: reset-default-search: No addons in our list are installed.
1627850653100	Marionette	INFO	Stopped listening on port 57598

###!!! [Child][RunMessage] Error: Channel closing: too late to send/recv, messages will be lost

rs\\diego\\AppData\\Local\\Temp\\rust_mozprofilej07anq"
1627850175547	Marionette	INFO	Marionette enabled
JavaScript error: resource://gre/modules/XULStore.jsm, line 66: Error: Can't find profile directory.
console.warn: SearchSettings: "get: No settings file exists, new profile?" (new NotFoundError("Could not open the file at C:\\Users\\diego\\AppData\\Local\\Temp\\rust_mozprofilej07anq\\search.json.mozlz4", (void 0)))
1627850179828	Marionette	INFO	Listening on port 60189
1627850180117	Marionette	WARN	TLS certificate errors will be ignored for this session
console.log: WebExtensions: reset-default-search: starting.
console.log: WebExtensions: reset-default-search: No addons in our list are installed.
1627851724625	Marionette	INFO	Stopped listening on port 60189
1627852805240	mozrunner::runner	INFO	Running command: "C:\\Program Files\\Mozilla Firefox\\firefox.exe" "-marionette" "-foreground" "-no-remote" "-profile" "C:\\Users\\diego\\AppData\\Local\\Temp\\rust_mozprofileYRlqA9"
1627852808354	Marionette	INFO	Marionette enabled
JavaScript error: resource://gre/modules/XULStore.jsm, line 66: Error: Can't find profile directory.
console.warn: SearchSettings: "get: No settings file exists, new profile?" (new NotFoundError("Could not open the file at C:\\Users\\diego\\AppData\\Local\\Temp\\rust_mozprofileYRlqA9\\search.json.mozlz4", (void 0)))
1627852812809	Marionette	INFO	Listening on port 60395
1627852813297	Marionette	WARN	TLS certificate errors will be ignored for this session
console.log: WebExtensions: reset-default-search: starting.
console.log: WebExtensions: reset-default-search: No addons in our list are installed.
1627855698742	Marionette	INFO	Stopped listening on port 60395
1627855704853	mozrunner::runner	INFO	Running command: "C:\\Program Files\\Mozilla Firefox\\firefox.exe" "-marionette" "-foreground" "-no-remote" "-profile" "C:\\Users\\diego\\AppData\\Local\\Temp\\rust_mozprofile6mkAlf"
1627855705755	Marionette	INFO	Marionette enabled
JavaScript error: resource://gre/modules/XULStore.jsm, line 66: Error: Can't find profile directory.
console.warn: SearchSettings: "get: No settings file exists, new profile?" (new NotFoundError("Could not open the file at C:\\Users\\diego\\AppData\\Local\\Temp\\rust_mozprofile6mkAlf\\search.json.mozlz4", (void 0)))
1627855710143	Marionette	INFO	Listening on port 56047
1627855710256	Marionette	WARN	TLS certificate errors will be ignored for this session
1627855727525	Marionette	INFO	Stopped listening on port 56047
1627855732125	mozrunner::runner	INFO	Running command: "C:\\Program Files\\Mozilla Firefox\\firefox.exe" "-marionette" "-foreground" "-no-remote" "-profile" "C:\\Users\\diego\\AppData\\Local\\Temp\\rust_mozprofilehKeXRr"
1627855732917	Marionette	INFO	Marionette enabled
JavaScript error: resource://gre/modules/XULStore.jsm, line 66: Error: Can't find profile directory.
console.warn: SearchSettings: "get: No settings file exists, new profile?" (new NotFoundError("Could not open the file at C:\\Users\\diego\\AppData\\Local\\Temp\\rust_mozprofilehKeXRr\\search.json.mozlz4", (void 0)))
1627855738950	Marionette	INFO	Listening on port 56117
1627855739148	Marionette	WARN	TLS certificate errors will be ignored for this session
console.log: WebExtensions: reset-default-search: starting.
console.log: WebExtensions: reset-default-search: No addons in our list are installed.
1627857311646	Marionette	INFO	Stopped listening on port 56117

###!!! [Child][RunMessage] Error: Channel closing: too late to send/recv, messages will be lost

1627899570402	mozrunner::runner	INFO	Running command: "C:\\Program Files\\Mozilla Firefox\\firefox.exe" "-marionette" "-foreground" "-no-remote" "-profile" "C:\\Users\\diego\\AppData\\Local\\Temp\\rust_mozprofileCEitis"
1627899571310	Marionette	INFO	Marionette enabled
JavaScript error: resource://gre/modules/XULStore.jsm, line 66: Error: Can't find profile directory.
console.warn: SearchSettings: "get: No settings file exists, new profile?" (new NotFoundError("Could not open the file at C:\\Users\\diego\\AppData\\Local\\Temp\\rust_mozprofileCEitis\\search.json.mozlz4", (void 0)))
1627899573961	Marionette	INFO	Listening on port 63807
1627899574120	Marionette	WARN	TLS certificate errors will be ignored for this session
JavaScript error: resource://gre/actors/AutoCompleteChild.jsm, line 125: Error: Invalid autocomplete selectedIndex
JavaScript error: resource://gre/actors/AutoCompleteChild.jsm, line 125: Error: Invalid autocomplete selectedIndex
JavaScript error: resource://gre/modules/LoginManagerChild.jsm, line 194: NS_ERROR_XPC_JAVASCRIPT_ERROR_WITH_DETAILS: [JavaScript Error: "Invalid autocomplete selectedIndex" {file: "resource://gre/actors/AutoCompleteChild.jsm" line: 125}]'[JavaScript Error: "Invalid autocomplete selectedIndex" {file: "resource://gre/actors/AutoCompleteChild.jsm" line: 125}]' when calling method: [nsIAutoCompletePopup::selectedIndex]
1627899708217	Marionette	INFO	Stopped listening on port 63807
1627899712769	mozrunner::runner	INFO	Running command: "C:\\Program Files\\Mozilla Firefox\\firefox.exe" "-marionette" "-foreground" "-no-remote" "-profile" "C:\\Users\\diego\\AppData\\Local\\Temp\\rust_mozprofileY2upU7"
1627899714013	Marionette	INFO	Marionette enabled
JavaScript error: resource://gre/modules/XULStore.jsm, line 66: Error: Can't find profile directory.
console.warn: SearchSettings: "get: No settings file exists, new profile?" (new NotFoundError("Could not open the file at C:\\Users\\diego\\AppData\\Local\\Temp\\rust_mozprofileY2upU7\\search.json.mozlz4", (void 0)))
1627899716497	Marionette	INFO	Listening on port 63883
1627899717000	Marionette	WARN	TLS certificate errors will be ignored for this session
console.log: WebExtensions: reset-default-search: starting.
console.log: WebExtensions: reset-default-search: No addons in our list are installed.
JavaScript error: , line 0: NS_ERROR_NOT_AVAILABLE
A content process crashed and MOZ_CRASHREPORTER_SHUTDOWN is set, shutting down
1628156676572	Marionette	INFO	Stopped listening on port 63883
1628156698162	mozrunner::runner	INFO	Running command: "C:\\Program Files\\Mozilla Firefox\\firefox.exe" "-marionette" "-foreground" "-no-remote" "-profile" "C:\\Users\\diego\\AppData\\Local\\Temp\\rust_mozprofile6zpUlw"
1628156702234	Marionette	INFO	Marionette enabled
JavaScript error: resource://gre/modules/XULStore.jsm, line 66: Error: Can't find profile directory.
console.warn: SearchSettings: "get: No settings file exists, new profile?" (new NotFoundError("Could not open the file at C:\\Users\\diego\\AppData\\Local\\Temp\\rust_mozprofile6zpUlw\\search.json.mozlz4", (void 0)))
1628156706011	Marionette	INFO	Listening on port 55324
1628156706259	Marionette	WARN	TLS certificate errors will be ignored for this session
JavaScript error: resource://gre/actors/AutoCompleteChild.jsm, line 125: Error: Invalid autocomplete selectedIndex
JavaScript error: resource://gre/actors/AutoCompleteChild.jsm, line 125: Error: Invalid autocomplete selectedIndex
JavaScript error: resource://gre/modules/LoginManagerChild.jsm, line 194: NS_ERROR_XPC_JAVASCRIPT_ERROR_WITH_DETAILS: [JavaScript Error: "Invalid autocomplete selectedIndex" {file: "resource://gre/actors/AutoCompleteChild.jsm" line: 125}]'[JavaScript Error: "Invalid autocomplete selectedIndex" {file: "resource://gre/actors/AutoCompleteChild.jsm" line: 125}]' when calling method: [nsIAutoCompletePopup::selectedIndex]
console.log: WebExtensions: reset-default-search: starting.
console.log: WebExtensions: reset-default-search: No addons in our list are installed.
1628173089437	Marionette	INFO	Stopped listening on port 55324
